<?xml version="1.0" encoding="UTF-8"?>
<testsuite name="TestCalculator" tests="1" skipped="0" failures="0" errors="0" timestamp="2022-11-12T11:16:56" hostname="LAPTOP-KS4O3S57" time="0.027">
  <properties/>
  <testcase name="addition()" classname="TestCalculator" time="0.027"/>
  <system-out><![CDATA[]]></system-out>
  <system-err><![CDATA[]]></system-err>
</testsuite>
